Arguments: 
  C:\Program Files\nodejs\node.exe C:\Program Files (x86)\Yarn\bin\yarn.js init

PATH: 
  C:\Users\josie\bin;C:\Program Files\Git\mingw64\bin;C:\Program Files\Git\usr\local\bin;C:\Program Files\Git\usr\bin;C:\Program Files\Git\usr\bin;C:\Program Files\Git\mingw64\bin;C:\Program Files\Git\usr\bin;C:\Users\josie\bin;C:\Scripts;C:\;C:\Program Files (x86)\Common Files\Intel\Shared Libraries\redist\intel64\compiler;C:\ProgramData\Oracle\Java\javapath;C:\Program Files (x86)\Intel\iCLS Client;C:\Program Files\Intel\iCLS Client;C:\WINDOWS\system32;C:\WINDOWS;C:\WINDOWS\System32\Wbem;C:\WINDOWS\System32\WindowsPowerShell\v1.0;C:\Program Files (x86)\Intel\Intel(R) Management Engine Components\DAL;C:\Program Files\Intel\Intel(R) Management Engine Components\DAL;C:\Program Files (x86)\Intel\Intel(R) Management Engine Components\IPT;C:\Program Files\Intel\Intel(R) Management Engine Components\IPT;C:\Program Files (x86)\tools;C:\Program Files\TortoiseGit\bin;C:\Program Files\MATLAB\R2017b\bin;C:\WINDOWS\System32\OpenSSH;C:\Program Files\Intel\WiFi\bin;C:\Program Files\Common Files\Intel\WirelessCommon;C:\Program Files\Git\cmd;C:\Users\josie\Desktop\randombot\venv1\Scripts\pip3.exe;C:\Program Files (x86)\Yarn\bin;C:\Users\josie\AppData\Local\Programs\Python\Python37\Scripts;C:\Users\josie\AppData\Local\Programs\Python\Python37;C:\Program Files\nodejs;C:\Program Files\PuTTY;C:\Program Files\Java\jdk1.8.0_181\bin;C:\Program Files\apache-maven-3.6.0\bin;C:\Program Files\TortoiseSVN\bin;C:\Program Files\VisualSVN Server\bin;C:\MinGW\bin;C:\Users\josie\AppData\Local\Programs\Python\Python37\Scripts;C:\Users\josie\AppData\Local\Programs\Python\Python37;C:\Users\josie\AppData\Local\Microsoft\WindowsApps;C:\Users\josie\AppData\Local\atom\bin;C:\Users\josie\AppData\Local\Yarn\bin;C:\Users\josie\AppData\Local\Google\Cloud SDK\google-cloud-sdk\bin;C:\Users\josie\AppData\Local\Programs\Microsoft VS Code\bin;C:\Users\josie\AppData\Roaming\npm;C:\Program Files\Git\usr\bin\vendor_perl;C:\Program Files\Git\usr\bin\core_perl

Yarn version: 
  1.10.1

Node version: 
  10.15.0

Platform: 
  win32 x64

Trace: 
  Error: canceled
      at Interface.<anonymous> (C:\Program Files (x86)\Yarn\lib\cli.js:116426:13)
      at Interface.emit (events.js:182:13)
      at Interface._ttyWrite (readline.js:783:16)
      at ReadStream.onkeypress (readline.js:168:10)
      at ReadStream.emit (events.js:182:13)
      at emitKeys (internal/readline.js:424:14)
      at emitKeys.next (<anonymous>)
      at ReadStream.onData (readline.js:1022:36)
      at ReadStream.emit (events.js:182:13)
      at addChunk (_stream_readable.js:283:12)

npm manifest: 
  No manifest

yarn manifest: 
  No manifest

Lockfile: 
  No lockfile
